<?xml version="1.0" encoding="UTF-8"?>
<!-- Generated by org.testng.reporters.JUnitXMLReporter -->
<testsuite ignored="8" hostname="DESKTOP-CTNIRRU" failures="1" tests="4" name="Test" time="30.026" errors="0" timestamp="2025-09-15T08:31:40 IST">
  <testcase classname="adminTests.AdminTests" name="headerValidation" time="0.366">
    <failure type="java.lang.AssertionError" message="expected [User Managementt] but found [User Management]">
      <![CDATA[java.lang.AssertionError: expected [User Managementt] but found [User Management]
at adminTests.AdminTests.headerValidation(AdminTests.java:26)
at java.base/java.util.ArrayList.forEach(ArrayList.java:1597)
... Removed 31 stack frames]]>
    </failure>
  </testcase> <!-- headerValidation -->
  <testcase classname="dashBoardTCs.DashBoardTestCases2" name="validateMyActions" time="0.789"/>
  <testcase classname="dashBoardTCs.DashBoardTestCases" name="validateQuickLaunchLinks" time="4.266"/>
  <testcase classname="dashBoardTCs.DashBoardTestCases" name="validateMyActions" time="0.381"/>
  <testcase classname="testNGBasics.BaseClass" name="@BeforeSuite bSuite" time="0.0">
    <ignored/>
  </testcase> <!-- @BeforeSuite bSuite -->
  <testcase classname="testNGBasics.BaseClass" name="@AfterSuite aSuite" time="0.0">
    <ignored/>
  </testcase> <!-- @AfterSuite aSuite -->
  <testcase classname="testNGBasics.BaseClass" name="@BeforeSuite bSuite" time="0.0">
    <ignored/>
  </testcase> <!-- @BeforeSuite bSuite -->
  <testcase classname="testNGBasics.BaseClass" name="@BeforeTest bTest" time="0.0">
    <ignored/>
  </testcase> <!-- @BeforeTest bTest -->
  <testcase classname="testNGBasics.BaseClass" name="@AfterTest aTest" time="0.0">
    <ignored/>
  </testcase> <!-- @AfterTest aTest -->
  <testcase classname="testNGBasics.BaseClass" name="@BeforeTest bTest" time="0.0">
    <ignored/>
  </testcase> <!-- @BeforeTest bTest -->
  <testcase classname="testNGBasics.BaseClass" name="@AfterTest aTest" time="0.0">
    <ignored/>
  </testcase> <!-- @AfterTest aTest -->
  <testcase classname="testNGBasics.BaseClass" name="@AfterSuite aSuite" time="0.0">
    <ignored/>
  </testcase> <!-- @AfterSuite aSuite -->
</testsuite> <!-- Test -->
