<?xml version="1.0" encoding="UTF-8"?>
<testng-results ignored="0" total="2" passed="2" failed="0" skipped="0">
  <reporter-output>
  </reporter-output>
  <suite started-at="2025-09-16T08:19:24 IST" name="Default suite" finished-at="2025-09-16T08:19:44 IST" duration-ms="19328">
    <groups>
      <group name="">
        <method signature="DashBoardTestCases.validateMyActions()[pri:2, instance:dashBoardTCs.DashBoardTestCases@d35dea7]" name="validateMyActions" class="dashBoardTCs.DashBoardTestCases"/>
      </group> <!--  -->
    </groups>
    <test started-at="2025-09-16T08:19:24 IST" name="Default test" finished-at="2025-09-16T08:19:44 IST" duration-ms="19328">
      <class name="dashBoardTCs.DashBoardTestCases">
        <test-method is-config="true" signature="bSuite()[pri:0, instance:dashBoardTCs.DashBoardTestCases@d35dea7]" started-at="2025-09-16T08:19:23 IST" name="bSuite" finished-at="2025-09-16T08:19:24 IST" duration-ms="1140" status="PASS">
          <reporter-output>
          </reporter-output>
        </test-method> <!-- bSuite -->
        <test-method is-config="true" signature="bTest()[pri:0, instance:dashBoardTCs.DashBoardTestCases@d35dea7]" started-at="2025-09-16T08:19:24 IST" name="bTest" finished-at="2025-09-16T08:19:29 IST" duration-ms="4885" status="PASS">
          <reporter-output>
          </reporter-output>
        </test-method> <!-- bTest -->
        <test-method is-config="true" signature="loginSetUP()[pri:0, instance:dashBoardTCs.DashBoardTestCases@d35dea7]" started-at="2025-09-16T08:19:29 IST" name="loginSetUP" finished-at="2025-09-16T08:19:32 IST" duration-ms="2701" status="PASS">
          <reporter-output>
          </reporter-output>
        </test-method> <!-- loginSetUP -->
        <test-method is-config="true" signature="navigateDB()[pri:0, instance:dashBoardTCs.DashBoardTestCases@d35dea7]" started-at="2025-09-16T08:19:32 IST" name="navigateDB" finished-at="2025-09-16T08:19:33 IST" duration-ms="675" status="PASS">
          <reporter-output>
          </reporter-output>
        </test-method> <!-- navigateDB -->
        <test-method signature="validateQuickLaunchLinks()[pri:1, instance:dashBoardTCs.DashBoardTestCases@d35dea7]" started-at="2025-09-16T08:19:33 IST" name="validateQuickLaunchLinks" finished-at="2025-09-16T08:19:38 IST" duration-ms="5397" status="PASS">
          <reporter-output>
          </reporter-output>
        </test-method> <!-- validateQuickLaunchLinks -->
        <test-method is-config="true" signature="navigateToDB()[pri:0, instance:dashBoardTCs.DashBoardTestCases@d35dea7]" started-at="2025-09-16T08:19:38 IST" name="navigateToDB" finished-at="2025-09-16T08:19:39 IST" duration-ms="551" status="PASS">
          <reporter-output>
          </reporter-output>
        </test-method> <!-- navigateToDB -->
        <test-method is-config="true" signature="navigateDB()[pri:0, instance:dashBoardTCs.DashBoardTestCases@d35dea7]" started-at="2025-09-16T08:19:39 IST" name="navigateDB" finished-at="2025-09-16T08:19:40 IST" duration-ms="1036" status="PASS">
          <reporter-output>
          </reporter-output>
        </test-method> <!-- navigateDB -->
        <test-method signature="validateMyActions()[pri:2, instance:dashBoardTCs.DashBoardTestCases@d35dea7]" started-at="2025-09-16T08:19:40 IST" name="validateMyActions" finished-at="2025-09-16T08:19:40 IST" depends-on-methods="dashBoardTCs.DashBoardTestCases.validateQuickLaunchLinks" duration-ms="403" status="PASS">
          <reporter-output>
          </reporter-output>
        </test-method> <!-- validateMyActions -->
        <test-method is-config="true" signature="navigateToDB()[pri:0, instance:dashBoardTCs.DashBoardTestCases@d35dea7]" started-at="2025-09-16T08:19:40 IST" name="navigateToDB" finished-at="2025-09-16T08:19:41 IST" duration-ms="665" status="PASS">
          <reporter-output>
          </reporter-output>
        </test-method> <!-- navigateToDB -->
        <test-method is-config="true" signature="logOut()[pri:0, instance:dashBoardTCs.DashBoardTestCases@d35dea7]" started-at="2025-09-16T08:19:41 IST" name="logOut" finished-at="2025-09-16T08:19:43 IST" duration-ms="2426" status="PASS">
          <reporter-output>
          </reporter-output>
        </test-method> <!-- logOut -->
        <test-method is-config="true" signature="aTest()[pri:0, instance:dashBoardTCs.DashBoardTestCases@d35dea7]" started-at="2025-09-16T08:19:43 IST" name="aTest" finished-at="2025-09-16T08:19:44 IST" duration-ms="526" status="PASS">
          <reporter-output>
          </reporter-output>
        </test-method> <!-- aTest -->
        <test-method is-config="true" signature="aSuite()[pri:0, instance:dashBoardTCs.DashBoardTestCases@d35dea7]" started-at="2025-09-16T08:19:44 IST" name="aSuite" finished-at="2025-09-16T08:19:44 IST" duration-ms="0" status="PASS">
          <reporter-output>
          </reporter-output>
        </test-method> <!-- aSuite -->
      </class> <!-- dashBoardTCs.DashBoardTestCases -->
    </test> <!-- Default test -->
  </suite> <!-- Default suite -->
</testng-results>
